#
# A fatal error has been detected by the Java Runtime Environment:
#
#  EXCEPTION_ACCESS_VIOLATION (0xc0000005) at pc=0x00007ff8e74ac561, pid=9944, tid=660
#
# JRE version: OpenJDK Runtime Environment Temurin-21.0.6+7 (21.0.6+7) (build 21.0.6+7-LTS)
# Java VM: OpenJDK 64-Bit Server VM Temurin-21.0.6+7 (21.0.6+7-LTS, mixed mode, emulated-client, sharing, tiered, compressed oops, compressed class ptrs, g1 gc, windows-amd64)
# Problematic frame:
# V  [jvm.dll+0xc561]
#
# No core dump will be written. Minidumps are not enabled by default on client versions of Windows
#
# If you would like to submit a bug report, please visit:
#   https://github.com/adoptium/adoptium-support/issues
#

---------------  S U M M A R Y ------------

Command Line: -Dcom.sun.management.jmxremote -Dcom.sun.management.jmxremote.port=52440 -Dcom.sun.management.jmxremote.authenticate=false -Dcom.sun.management.jmxremote.ssl=false -Djava.rmi.server.hostname=localhost -Dspring.jmx.enabled=true -Dmanagement.endpoints.jmx.exposure.include=* -Dspring.application.admin.enabled=true -Dspring.output.ansi.enabled=always -XX:TieredStopAtLevel=1 -Dspring.boot.project.name=bookStore -Dfile.encoding=UTF-8 -Dstdout.encoding=UTF-8 -Dstderr.encoding=UTF-8 -XX:+ShowCodeDetailsInExceptionMessages com.bookStore.bookStore.BookStoreApplication

Host: Intel(R) Core(TM) i5-8365U CPU @ 1.60GHz, 8 cores, 15G,  Windows 10 , 64 bit Build 19041 (10.0.19041.5915)
Time: Tue Jun 24 00:17:21 2025 India Standard Time elapsed time: 2998.340710 seconds (0d 0h 49m 58s)

---------------  T H R E A D  ---------------

Current thread (0x00000209452c4c60):  WorkerThread "G1 Conc#0"      [id=660, stack(0x0000008369a00000,0x0000008369b00000) (1024K)]

Stack: [0x0000008369a00000,0x0000008369b00000],  sp=0x0000008369aff6c8,  free space=1021k
Native frames: (J=compiled Java code, j=interpreted, Vv=VM code, C=native code)
V  [jvm.dll+0xc561]


siginfo: EXCEPTION_ACCESS_VIOLATION (0xc0000005), reading address 0xffffffffffffffff


Registers:
RAX=0x0000020900a44d98, RBX=0x00000209452c6b01, RCX=0x00000209002fe528, RDX=0x000000070517e550
RSP=0x0000008369aff6c8, RBP=0x0000000000000000, RSI=0x00000209452b3400, RDI=0x000000070517e550
R8 =0x00000209002fe528, R9 =0x0000000000000000, R10=0x0000020945259c50, R11=0x0000000000000005
R12=0x0000000000000000, R13=0xaaaaaaaaaaaaaaab, R14=0x00000209002fef60, R15=0x000000070517c068
RIP=0x00007ff8e74ac561, EFLAGS=0x0000000000010246

XMM[0]=0x0000000000000000 0x0000000000000000
XMM[1]=0x0000000000000000 0x0000000000000000
XMM[2]=0x0000000000000000 0x0000000000000000
XMM[3]=0x0000000000000000 0x0000000000000000
XMM[4]=0x0000000000000000 0x0000000000000000
XMM[5]=0x0000000000000000 0x0000000000000000
XMM[6]=0x0000000000000000 0x3f94c69de699b400
XMM[7]=0x0000000000000000 0x408f400000000000
XMM[8]=0x0000000000000000 0x0000000000000000
XMM[9]=0x0000000000000000 0x0000000000000000
XMM[10]=0x0000000000000000 0x0000000000000000
XMM[11]=0x0000000000000000 0x0000000000000000
XMM[12]=0x0000000000000000 0x0000000000000000
XMM[13]=0x0000000000000000 0x0000000000000000
XMM[14]=0x0000000000000000 0x0000000000000000
XMM[15]=0x0000000000000000 0x0000000000000000
  MXCSR=0x00001fa0


Register to memory mapping:

RAX=0x0000020900a44d98 is pointing into metadata
RBX=0x00000209452c6b01 points into unknown readable memory: 00 00 00 00 00 00 00
RCX=0x00000209002fe528 is pointing into metadata
RDX=
[error occurred during error reporting (printing register info), id 0xc0000005, EXCEPTION_ACCESS_VIOLATION (0xc0000005) at pc=0x00007ff8e74ac561]
RSP=0x0000008369aff6c8 points into unknown readable memory: 0x00007ff8e77ba0ea | ea a0 7b e7 f8 7f 00 00
RBP=0x0 is null
RSI=0x00000209452b3400 points into unknown readable memory: 0x00000209452c4250 | 50 42 2c 45 09 02 00 00
RDI=
[error occurred during error reporting (printing register info, attempt 2), id 0xc0000005, EXCEPTION_ACCESS_VIOLATION (0xc0000005) at pc=0x00007ff8e74ac561]
R8 =0x00000209002fe528 is pointing into metadata
R9 =0x0 is null
R10=0x0000020945259c50 points into unknown readable memory: 0x00007ff8e7ec48e0 | e0 48 ec e7 f8 7f 00 00
R11=0x0000000000000005 is an unknown value
R12=0x0 is null
R13=0xaaaaaaaaaaaaaaab is an unknown value
R14={method} {0x00000209002fef68} 'equals' '(Ljava/lang/Object;)Z' in 'java/util/TreeMap$Entry'
R15=0x000000070517c068 is an oop: java.util.TreeMap$Entry 
{0x000000070517c068} - klass: 'java/util/TreeMap$Entry'
 - ---- fields (total size 5 words):
 - 'color' 'Z' @12  false (0x00)
 - 'key' 'Ljava/lang/Object;' @16  "org.springframework.boot.autoconfigure.cache.HazelcastCacheConfiguration"{0x000000070459d0c0} (0xe08b3a18)
 - 'value' 'Ljava/lang/Object;' @20  a 'org/springframework/boot/autoconfigure/condition/ConditionEvaluationReport$ConditionAndOutcomes'{0x000000070517c090} (0xe0a2f812)
 - 'left' 'Ljava/util/TreeMap$Entry;' @24  a 'java/util/TreeMap$Entry'{0x000000070517c228} (0xe0a2f845)
 - 'right' 'Ljava/util/TreeMap$Entry;' @28  
[error occurred during error reporting (printing register info, attempt 3), id 0xc0000005, EXCEPTION_ACCESS_VIOLATION (0xc0000005) at pc=0x000000150000000d]
Top of Stack: (sp=0x0000008369aff6c8)
0x0000008369aff6c8:   00007ff8e77ba0ea 0000000000000000
0x0000008369aff6d8:   00007ff8e77ba056 0000ecac711a4fd3
0x0000008369aff6e8:   0000008369aff8a0 000000070517e550
0x0000008369aff6f8:   00007ff8e77b9ebf 00000209452c6b80
0x0000008369aff708:   0000008369aff8a0 00000209002fef58
0x0000008369aff718:   0000008369aff8a0 000000070517c08c
0x0000008369aff728:   00007ff8e77b787d 000000070517c084
0x0000008369aff738:   00007ff8e77b7fbd 000000070517bf50
0x0000008369aff748:   00007ff8e77b74c2 0000008369aff860
0x0000008369aff758:   0000000000000001 000000070517c068
0x0000008369aff768:   00007ff8e77b74c2 00000209002fed28
0x0000008369aff778:   0000000000000005 0000008369aff8a0
0x0000008369aff788:   0000000000000000 00000209452c6b80
0x0000008369aff798:   00007ff8e77d6ee0 000000070517c068
0x0000008369aff7a8:   00000209452b3410 0000008369aff860
0x0000008369aff7b8:   00000209452b3410 000000070517c068
0x0000008369aff7c8:   00007ff8e77d3791 000000000026f80d
0x0000008369aff7d8:   0000000000000000 0000000704890998
0x0000008369aff7e8:   00007ff8e77d4c4a 0000000000280000
0x0000008369aff7f8:   00007ff8e77d52cc 000000070517bff8
0x0000008369aff808:   000000000026f80d 0000000000700e86
0x0000008369aff818:   0000000000000000 00000209452c51c0
0x0000008369aff828:   0000000000000001 00000209452c6b80
0x0000008369aff838:   00007ff8e77d405f 00000209452c6c18
0x0000008369aff848:   0000000000000000 00000083699ffa01
0x0000008369aff858:   0000000000000000 00000209452b3400
0x0000008369aff868:   00000209452c6b80 0000000705000000
0x0000008369aff878:   0000000000040000 0000000705000000
0x0000008369aff888:   0000000000040000 0000000000000000
0x0000008369aff898:   00000000006dac2c 00007ff8e7ec6278
0x0000008369aff8a8:   0000020953550b00 0000000000000003
0x0000008369aff8b8:   0000020945259c50 00000209452c6b80 

Instructions: (pc=0x00007ff8e74ac561)
0x00007ff8e74ac461:   41 f6 c1 01 75 53 41 c1 f9 03 49 63 c1 c3 79 49
0x00007ff8e74ac471:   84 c0 41 b8 0c 00 00 00 8b 05 a9 dc c1 00 b9 10
0x00007ff8e74ac481:   00 00 00 41 0f 45 c8 ff c8 4c 63 c0 41 8b c1 48
0x00007ff8e74ac491:   c1 f8 10 0f b6 c0 48 63 14 11 41 8b c9 83 e1 3f
0x00007ff8e74ac4a1:   48 d3 e2 49 8d 0c 10 49 f7 d0 48 03 c1 49 c1 e8
0x00007ff8e74ac4b1:   03 48 c1 e8 03 49 23 c0 c3 49 8b 00 49 8b c8 48
0x00007ff8e74ac4c1:   ff a0 00 01 00 00 cc cc cc cc cc cc cc cc cc 8b
0x00007ff8e74ac4d1:   44 24 30 45 03 c9 44 2b 4c 24 28 83 c0 0b 44 03
0x00007ff8e74ac4e1:   ca 45 03 c8 41 03 c1 c3 cc cc cc cc cc cc cc 4c
0x00007ff8e74ac4f1:   8b c2 48 8b d1 45 8b 48 08 45 85 c9 7e 0e 41 f6
0x00007ff8e74ac501:   c1 01 75 56 41 c1 f9 03 49 63 c1 c3 79 4c 80 3d
0x00007ff8e74ac511:   04 e1 c1 00 00 b8 0c 00 00 00 b9 10 00 00 00 0f
0x00007ff8e74ac521:   45 c8 8b 05 ff db c1 00 ff c8 4c 63 c0 41 8b c1
0x00007ff8e74ac531:   48 c1 f8 10 48 63 14 11 41 8b c9 83 e1 3f 0f b6
0x00007ff8e74ac541:   c0 48 d3 e2 49 8d 0c 10 49 f7 d0 48 03 c1 49 c1
0x00007ff8e74ac551:   e8 03 48 c1 e8 03 49 23 c0 c3 49 8b 00 49 8b c8
0x00007ff8e74ac561:   48 ff a0 00 01 00 00 cc cc cc cc cc cc cc cc 48
0x00007ff8e74ac571:   8b 41 08 0f b7 48 2c 0f b7 40 2a 83 c0 48 03 c1
0x00007ff8e74ac581:   c3 cc cc cc cc cc cc cc cc cc cc cc cc cc cc 48
0x00007ff8e74ac591:   89 5c 24 08 57 48 83 ec 20 0f b6 05 1f de cc 00
0x00007ff8e74ac5a1:   48 8b fa 48 8b d9 84 c0 74 4f 48 85 15 b6 d5 cc
0x00007ff8e74ac5b1:   00 74 38 48 8b ca e8 94 d4 8c 00 48 8b d0 48 85
0x00007ff8e74ac5c1:   db 74 25 48 85 c0 74 20 48 8b c7 f0 48 0f b1 13
0x00007ff8e74ac5d1:   74 16 48 85 05 8e d5 cc 00 74 0d 48 8b c8 f0 48
0x00007ff8e74ac5e1:   0f b1 13 48 3b c1 75 ea 48 8b fa 48 8b c7 48 8b
0x00007ff8e74ac5f1:   5c 24 30 48 83 c4 20 5f c3 48 85 3d 6f d5 cc 00
0x00007ff8e74ac601:   75 33 48 85 ff 75 0f 33 d2 8b c2 48 8b 5c 24 30
0x00007ff8e74ac611:   48 83 c4 20 5f c3 48 8b 15 62 d5 cc 00 48 23 d7
0x00007ff8e74ac621:   48 0b 15 38 d5 cc 00 48 8b c2 48 8b 5c 24 30 48
0x00007ff8e74ac631:   83 c4 20 5f c3 48 8b cf e8 52 d3 8c 00 48 8b d0
0x00007ff8e74ac641:   48 85 db 74 40 48 85 c0 74 3b 4c 8b 05 2e d5 cc
0x00007ff8e74ac651:   00 4c 23 c0 4c 0b 05 5c d5 cc 00 74 28 48 8b c7 


Stack slot to memory mapping:

stack at sp + 0 slots: 0x00007ff8e77ba0ea jvm.dll
stack at sp + 1 slots: 0x0 is null
stack at sp + 2 slots: 0x00007ff8e77ba056 jvm.dll
stack at sp + 3 slots: 0x0000ecac711a4fd3 is an unknown value
stack at sp + 4 slots: 0x0000008369aff8a0 points into unknown readable memory: 0x00007ff8e7ec6278 | 78 62 ec e7 f8 7f 00 00
stack at sp + 5 slots: 
[error occurred during error reporting (inspecting top of stack), id 0xc0000005, EXCEPTION_ACCESS_VIOLATION (0xc0000005) at pc=0x00007ff8e74ac561]
stack at sp + 6 slots: 0x00007ff8e77b9ebf jvm.dll
stack at sp + 7 slots: 0x00000209452c6b80 points into unknown readable memory: 0x00007ff8e7ec6258 | 58 62 ec e7 f8 7f 00 00


---------------  P R O C E S S  ---------------

Threads class SMR info:
_java_thread_list=0x000002095a7d0690, length=24, elements={
0x00000209536aed20, 0x00000209536b1930, 0x00000209536b27b0, 0x00000209536b3200,
0x00000209536b5fc0, 0x00000209536b8bd0, 0x00000209536c3260, 0x0000020953684570,
0x00000209537f9d20, 0x000002095833ee20, 0x0000020958348b10, 0x000002095836eee0,
0x00000209585cbc30, 0x000002095846ad80, 0x00000209586a2dd0, 0x0000020959d846f0,
0x0000020959d88200, 0x000002095ada2c80, 0x000002095ad9c380, 0x0000020959d8a960,
0x0000020959d8aff0, 0x0000020959d84d80, 0x000002095ab1a2f0, 0x0000020959d85410
}

Java Threads: ( => current thread )
  0x00000209536aed20 JavaThread "Reference Handler"          daemon [_thread_blocked, id=6408, stack(0x0000008369f00000,0x000000836a000000) (1024K)]
  0x00000209536b1930 JavaThread "Finalizer"                  daemon [_thread_blocked, id=12844, stack(0x000000836a000000,0x000000836a100000) (1024K)]
  0x00000209536b27b0 JavaThread "Signal Dispatcher"          daemon [_thread_blocked, id=3332, stack(0x000000836a100000,0x000000836a200000) (1024K)]
  0x00000209536b3200 JavaThread "Attach Listener"            daemon [_thread_blocked, id=12160, stack(0x000000836a200000,0x000000836a300000) (1024K)]
  0x00000209536b5fc0 JavaThread "Service Thread"             daemon [_thread_blocked, id=12488, stack(0x000000836a300000,0x000000836a400000) (1024K)]
  0x00000209536b8bd0 JavaThread "Monitor Deflation Thread"   daemon [_thread_blocked, id=12372, stack(0x000000836a400000,0x000000836a500000) (1024K)]
  0x00000209536c3260 JavaThread "C1 CompilerThread0"         daemon [_thread_blocked, id=18136, stack(0x000000836a500000,0x000000836a600000) (1024K)]
  0x0000020953684570 JavaThread "Common-Cleaner"             daemon [_thread_blocked, id=8068, stack(0x000000836a600000,0x000000836a700000) (1024K)]
  0x00000209537f9d20 JavaThread "Notification Thread"        daemon [_thread_blocked, id=12584, stack(0x000000836a800000,0x000000836a900000) (1024K)]
  0x000002095833ee20 JavaThread "RMI TCP Accept-0"           daemon [_thread_in_native, id=10368, stack(0x000000836ab00000,0x000000836ac00000) (1024K)]
  0x0000020958348b10 JavaThread "RMI TCP Accept-52440"       daemon [_thread_in_native, id=572, stack(0x000000836ac00000,0x000000836ad00000) (1024K)]
  0x000002095836eee0 JavaThread "RMI TCP Accept-0"           daemon [_thread_in_native, id=18356, stack(0x000000836ad00000,0x000000836ae00000) (1024K)]
  0x00000209585cbc30 JavaThread "RMI Scheduler(0)"           daemon [_thread_blocked, id=6412, stack(0x000000836b600000,0x000000836b700000) (1024K)]
  0x000002095846ad80 JavaThread "JMX server connection timeout 35" daemon [_thread_blocked, id=2696, stack(0x000000836b800000,0x000000836b900000) (1024K)]
  0x00000209586a2dd0 JavaThread "mysql-cj-abandoned-connection-cleanup" daemon [_thread_blocked, id=10836, stack(0x000000836bf00000,0x000000836c000000) (1024K)]
  0x0000020959d846f0 JavaThread "Live Reload Server"         daemon [_thread_in_native, id=10892, stack(0x000000836c400000,0x000000836c500000) (1024K)]
  0x0000020959d88200 JavaThread "DestroyJavaVM"                     [_thread_blocked, id=11672, stack(0x0000008369700000,0x0000008369800000) (1024K)]
  0x000002095ada2c80 JavaThread "File Watcher"               daemon [_thread_blocked, id=9388, stack(0x000000836a900000,0x000000836aa00000) (1024K)]
  0x000002095ad9c380 JavaThread "File Watcher"               daemon [_thread_blocked, id=7384, stack(0x0000008369600000,0x0000008369700000) (1024K)]
  0x0000020959d8a960 JavaThread "RMI TCP Connection(idle)"   daemon [_thread_blocked, id=3048, stack(0x0000008369400000,0x0000008369500000) (1024K)]
  0x0000020959d8aff0 JavaThread "RMI TCP Connection(110)-127.0.0.1" daemon [_thread_in_native, id=10668, stack(0x000000836d000000,0x000000836d100000) (1024K)]
  0x0000020959d84d80 JavaThread "Thread-74"                         [_thread_blocked, id=2204, stack(0x000000836a700000,0x000000836a800000) (1024K)]
  0x000002095ab1a2f0 JavaThread "C1 CompilerThread1"         daemon [_thread_blocked, id=1784, stack(0x000000836b500000,0x000000836b600000) (1024K)]
  0x0000020959d85410 JavaThread "File Watcher"               daemon [_thread_blocked, id=14136, stack(0x000000836aa00000,0x000000836ab00000) (1024K)]
Total: 24

Other Threads:
  0x00000209536921f0 VMThread "VM Thread"                           [id=3184, stack(0x0000008369e00000,0x0000008369f00000) (1024K)]
  0x000002095367f9f0 WatcherThread "VM Periodic Task Thread"        [id=10312, stack(0x0000008369d00000,0x0000008369e00000) (1024K)]
  0x00000209452b2e00 WorkerThread "GC Thread#0"                     [id=19444, stack(0x0000008369800000,0x0000008369900000) (1024K)]
  0x00000209583ee8b0 WorkerThread "GC Thread#1"                     [id=11472, stack(0x000000836ae00000,0x000000836af00000) (1024K)]
  0x00000209583ede10 WorkerThread "GC Thread#2"                     [id=18864, stack(0x000000836af00000,0x000000836b000000) (1024K)]
  0x000002095841f3e0 WorkerThread "GC Thread#3"                     [id=19276, stack(0x000000836b000000,0x000000836b100000) (1024K)]
  0x0000020958421790 WorkerThread "GC Thread#4"                     [id=7132, stack(0x000000836b100000,0x000000836b200000) (1024K)]
  0x0000020958421b30 WorkerThread "GC Thread#5"                     [id=2468, stack(0x000000836b200000,0x000000836b300000) (1024K)]
  0x0000020958439db0 WorkerThread "GC Thread#6"                     [id=10784, stack(0x000000836b300000,0x000000836b400000) (1024K)]
  0x000002095844d410 WorkerThread "GC Thread#7"                     [id=7892, stack(0x000000836b400000,0x000000836b500000) (1024K)]
  0x00000209452c4250 ConcurrentGCThread "G1 Main Marker"            [id=18456, stack(0x0000008369900000,0x0000008369a00000) (1024K)]
=>0x00000209452c4c60 WorkerThread "G1 Conc#0"                       [id=660, stack(0x0000008369a00000,0x0000008369b00000) (1024K)]
  0x00000209587e4040 WorkerThread "G1 Conc#1"                       [id=14384, stack(0x000000836bb00000,0x000000836bc00000) (1024K)]
  0x000002094530eb60 ConcurrentGCThread "G1 Refine#0"               [id=18240, stack(0x0000008369b00000,0x0000008369c00000) (1024K)]
  0x0000020953552a80 ConcurrentGCThread "G1 Service"                [id=18164, stack(0x0000008369c00000,0x0000008369d00000) (1024K)]
Total: 15

Threads with active compile tasks:
Total: 0

VM state: not at safepoint (normal execution)

VM Mutex/Monitor currently owned by a thread: None

Heap address: 0x0000000703e00000, size: 4034 MB, Compressed Oops mode: Zero based, Oop shift amount: 3

CDS archive(s) mapped at: [0x0000020900000000-0x0000020900c80000-0x0000020900c80000), size 13107200, SharedBaseAddress: 0x0000020900000000, ArchiveRelocationMode: 1.
Compressed class space mapped at: 0x0000020901000000-0x0000020941000000, reserved size: 1073741824
Narrow klass base: 0x0000020900000000, Narrow klass shift: 0, Narrow klass range: 0x100000000

GC Precious Log:
 CardTable entry size: 512
 Card Set container configuration: InlinePtr #cards 4 size 8 Array Of Cards #cards 16 size 48 Howl #buckets 8 coarsen threshold 3686 Howl Bitmap #cards 512 size 80 coarsen threshold 460 Card regions per heap region 1 cards per card region 4096
 CPUs: 8 total, 8 available
 Memory: 16133M
 Large Page Support: Disabled
 NUMA Support: Disabled
 Compressed Oops: Enabled (Zero based)
 Heap Region Size: 2M
 Heap Min Capacity: 8M
 Heap Initial Capacity: 254M
 Heap Max Capacity: 4034M
 Pre-touch: Disabled
 Parallel Workers: 8
 Concurrent Workers: 2
 Concurrent Refinement Workers: 8
 Periodic GC: Disabled

Heap:
 garbage-first heap   total 90112K, used 30126K [0x0000000703e00000, 0x0000000800000000)
  region size 2048K, 3 young (6144K), 2 survivors (4096K)
 Metaspace       used 74029K, committed 75008K, reserved 1114112K
  class space    used 10137K, committed 10560K, reserved 1048576K

Heap Regions: E=young(eden), S=young(survivor), O=old, HS=humongous(starts), HC=humongous(continues), CS=collection set, F=free, TAMS=top-at-mark-start, PB=parsable bottom
|   0|0x0000000703e00000, 0x0000000704000000, 0x0000000704000000|100%| O|  |TAMS 0x0000000704000000| PB 0x0000000703e00000| Untracked 
|   1|0x0000000704000000, 0x0000000704200000, 0x0000000704200000|100%| O|  |TAMS 0x0000000704200000| PB 0x0000000704000000| Untracked 
|   2|0x0000000704200000, 0x00000007043ffff0, 0x0000000704400000| 99%| O|  |TAMS 0x00000007043ffff0| PB 0x0000000704200000| Untracked 
|   3|0x0000000704400000, 0x00000007045fffe8, 0x0000000704600000| 99%| O|  |TAMS 0x00000007045fffe8| PB 0x0000000704400000| Untracked 
|   4|0x0000000704600000, 0x00000007047fffb0, 0x0000000704800000| 99%| O|  |TAMS 0x00000007047fffb0| PB 0x0000000704600000| Untracked 
|   5|0x0000000704800000, 0x0000000704a00000, 0x0000000704a00000|100%| O|  |TAMS 0x0000000704a00000| PB 0x0000000704800000| Untracked 
|   6|0x0000000704a00000, 0x0000000704c00000, 0x0000000704c00000|100%| O|  |TAMS 0x0000000704c00000| PB 0x0000000704a00000| Untracked 
|   7|0x0000000704c00000, 0x0000000704e00000, 0x0000000704e00000|100%| O|  |TAMS 0x0000000704e00000| PB 0x0000000704c00000| Untracked 
|   8|0x0000000704e00000, 0x0000000704ffffc8, 0x0000000705000000| 99%| O|  |TAMS 0x0000000704ffffc8| PB 0x0000000704e00000| Untracked 
|   9|0x0000000705000000, 0x0000000705200000, 0x0000000705200000|100%| O|  |TAMS 0x0000000705200000| PB 0x0000000705000000| Untracked 
|  10|0x0000000705200000, 0x00000007052a1a30, 0x0000000705400000| 31%| O|  |TAMS 0x00000007052a1a30| PB 0x0000000705200000| Untracked 
|  11|0x0000000705400000, 0x00000007055d0da8, 0x0000000705600000| 90%| O|  |TAMS 0x00000007055d0da8| PB 0x0000000705400000| Untracked 
|  12|0x0000000705600000, 0x00000007057fffd8, 0x0000000705800000| 99%| O|  |TAMS 0x00000007057fffd8| PB 0x0000000705600000| Untracked 
|  13|0x0000000705800000, 0x00000007058d3430, 0x0000000705a00000| 41%| O|  |TAMS 0x00000007058d3430| PB 0x0000000705800000| Untracked 
|  14|0x0000000705a00000, 0x0000000705a00000, 0x0000000705c00000|  0%| F|  |TAMS 0x0000000705a00000| PB 0x0000000705a00000| Untracked 
|  15|0x0000000705c00000, 0x0000000705c00000, 0x0000000705e00000|  0%| F|  |TAMS 0x0000000705c00000| PB 0x0000000705c00000| Untracked 
|  16|0x0000000705e00000, 0x0000000705e35d30, 0x0000000706000000| 10%| O|  |TAMS 0x0000000705e35d30| PB 0x0000000705e00000| Untracked 
|  17|0x0000000706000000, 0x0000000706000000, 0x0000000706200000|  0%| F|  |TAMS 0x0000000706000000| PB 0x0000000706000000| Untracked 
|  18|0x0000000706200000, 0x0000000706200000, 0x0000000706400000|  0%| F|  |TAMS 0x0000000706200000| PB 0x0000000706200000| Untracked 
|  19|0x0000000706400000, 0x00000007065f01d8, 0x0000000706600000| 96%| S|CS|TAMS 0x0000000706400000| PB 0x0000000706400000| Complete 
|  20|0x0000000706600000, 0x0000000706800000, 0x0000000706800000|100%| S|CS|TAMS 0x0000000706600000| PB 0x0000000706600000| Complete 
|  21|0x0000000706800000, 0x0000000706800000, 0x0000000706a00000|  0%| F|  |TAMS 0x0000000706800000| PB 0x0000000706800000| Untracked 
|  22|0x0000000706a00000, 0x0000000706a00000, 0x0000000706c00000|  0%| F|  |TAMS 0x0000000706a00000| PB 0x0000000706a00000| Untracked 
|  23|0x0000000706c00000, 0x0000000706c00000, 0x0000000706e00000|  0%| F|  |TAMS 0x0000000706c00000| PB 0x0000000706c00000| Untracked 
|  24|0x0000000706e00000, 0x0000000706e00000, 0x0000000707000000|  0%| F|  |TAMS 0x0000000706e00000| PB 0x0000000706e00000| Untracked 
|  25|0x0000000707000000, 0x0000000707000000, 0x0000000707200000|  0%| F|  |TAMS 0x0000000707000000| PB 0x0000000707000000| Untracked 
|  26|0x0000000707200000, 0x0000000707200000, 0x0000000707400000|  0%| F|  |TAMS 0x0000000707200000| PB 0x0000000707200000| Untracked 
|  27|0x0000000707400000, 0x0000000707400000, 0x0000000707600000|  0%| F|  |TAMS 0x0000000707400000| PB 0x0000000707400000| Untracked 
|  28|0x0000000707600000, 0x0000000707600000, 0x0000000707800000|  0%| F|  |TAMS 0x0000000707600000| PB 0x0000000707600000| Untracked 
|  29|0x0000000707800000, 0x0000000707800000, 0x0000000707a00000|  0%| F|  |TAMS 0x0000000707800000| PB 0x0000000707800000| Untracked 
|  30|0x0000000707a00000, 0x0000000707a00000, 0x0000000707c00000|  0%| F|  |TAMS 0x0000000707a00000| PB 0x0000000707a00000| Untracked 
|  31|0x0000000707c00000, 0x0000000707c00000, 0x0000000707e00000|  0%| F|  |TAMS 0x0000000707c00000| PB 0x0000000707c00000| Untracked 
|  32|0x0000000707e00000, 0x0000000707e00000, 0x0000000708000000|  0%| F|  |TAMS 0x0000000707e00000| PB 0x0000000707e00000| Untracked 
|  33|0x0000000708000000, 0x0000000708000000, 0x0000000708200000|  0%| F|  |TAMS 0x0000000708000000| PB 0x0000000708000000| Untracked 
|  34|0x0000000708200000, 0x0000000708200000, 0x0000000708400000|  0%| F|  |TAMS 0x0000000708200000| PB 0x0000000708200000| Untracked 
|  35|0x0000000708400000, 0x0000000708400000, 0x0000000708600000|  0%| F|  |TAMS 0x0000000708400000| PB 0x0000000708400000| Untracked 
|  36|0x0000000708600000, 0x0000000708600000, 0x0000000708800000|  0%| F|  |TAMS 0x0000000708600000| PB 0x0000000708600000| Untracked 
|  37|0x0000000708800000, 0x0000000708800000, 0x0000000708a00000|  0%| F|  |TAMS 0x0000000708800000| PB 0x0000000708800000| Untracked 
|  38|0x0000000708a00000, 0x0000000708a00000, 0x0000000708c00000|  0%| F|  |TAMS 0x0000000708a00000| PB 0x0000000708a00000| Untracked 
|  39|0x0000000708c00000, 0x0000000708c00000, 0x0000000708e00000|  0%| F|  |TAMS 0x0000000708c00000| PB 0x0000000708c00000| Untracked 
|  40|0x0000000708e00000, 0x0000000708e00000, 0x0000000709000000|  0%| F|  |TAMS 0x0000000708e00000| PB 0x0000000708e00000| Untracked 
|  41|0x0000000709000000, 0x0000000709000000, 0x0000000709200000|  0%| F|  |TAMS 0x0000000709000000| PB 0x0000000709000000| Untracked 
|  68|0x000000070c600000, 0x000000070c600000, 0x000000070c800000|  0%| F|  |TAMS 0x000000070c600000| PB 0x000000070c600000| Untracked 
|  69|0x000000070c800000, 0x000000070c9c7708, 0x000000070ca00000| 88%| E|  |TAMS 0x000000070c800000| PB 0x000000070c800000| Complete 

Card table byte_map: [0x000002094c4e0000,0x000002094ccd0000] _byte_map_base: 0x0000020948cc1000

Marking Bits: (CMBitMap*) 0x00000209452b3410
 Bits: [0x000002094ccd0000, 0x0000020950bd8000)

Polling page: 0x0000020942fd0000

Metaspace:

Usage:
  Non-class:     62.39 MB used.
      Class:      9.90 MB used.
       Both:     72.29 MB used.

Virtual space:
  Non-class space:       64.00 MB reserved,      62.94 MB ( 98%) committed,  1 nodes.
      Class space:        1.00 GB reserved,      10.31 MB (  1%) committed,  1 nodes.
             Both:        1.06 GB reserved,      73.25 MB (  7%) committed. 

Chunk freelists:
   Non-Class:  608.00 KB
       Class:  5.73 MB
        Both:  6.32 MB

MaxMetaspaceSize: unlimited
CompressedClassSpaceSize: 1.00 GB
Initial GC threshold: 21.00 MB
Current GC threshold: 121.88 MB
CDS: on
 - commit_granule_bytes: 65536.
 - commit_granule_words: 8192.
 - virtual_space_node_default_size: 8388608.
 - enlarge_chunks_in_place: 1.
 - use_allocation_guard: 0.


Internal statistics:

num_allocs_failed_limit: 9.
num_arena_births: 2066.
num_arena_deaths: 1176.
num_vsnodes_births: 2.
num_vsnodes_deaths: 0.
num_space_committed: 1179.
num_space_uncommitted: 6.
num_chunks_returned_to_freelist: 1646.
num_chunks_taken_from_freelist: 5353.
num_chunk_merges: 218.
num_chunk_splits: 2984.
num_chunks_enlarged: 2281.
num_inconsistent_stats: 0.

CodeCache: size=49152Kb used=18218Kb max_used=19801Kb free=30933Kb
 bounds [0x0000020948be0000, 0x0000020949f80000, 0x000002094bbe0000]
 total_blobs=9666 nmethods=8920 adapters=667
 compilation: enabled
              stopped_count=0, restarted_count=0
 full_count=0

Compilation events (20 events):
Event: 2998.242 Thread 0x000002095ab1a2f0 nmethod 14550 0x00000209493e9390 code [0x00000209493e9540, 0x00000209493e96e8]
Event: 2998.242 Thread 0x000002095ab1a2f0 14552       1       com.mysql.cj.NativeQueryBindings::checkParameterSet (57 bytes)
Event: 2998.242 Thread 0x00000209536c3260 nmethod 14551 0x0000020949d78090 code [0x0000020949d78260, 0x0000020949d78750]
Event: 2998.242 Thread 0x00000209536c3260 14553       1       com.mysql.cj.NativeQueryBindValue::writeAsText (12 bytes)
Event: 2998.242 Thread 0x00000209536c3260 nmethod 14553 0x00000209494b4090 code [0x00000209494b4240, 0x00000209494b4340]
Event: 2998.242 Thread 0x00000209536c3260 14554       1       com.mysql.cj.protocol.a.AbstractValueEncoder::encodeAsText (18 bytes)
Event: 2998.242 Thread 0x00000209536c3260 nmethod 14554 0x0000020949cc2410 code [0x0000020949cc25c0, 0x0000020949cc2740]
Event: 2998.242 Thread 0x000002095ab1a2f0 nmethod 14552 0x0000020949d77690 code [0x0000020949d778a0, 0x0000020949d77ce0]
Event: 2998.248 Thread 0x00000209536c3260 14555       1       java.util.ImmutableCollections$Set12::<init> (20 bytes)
Event: 2998.248 Thread 0x00000209536c3260 nmethod 14555 0x0000020949d65e10 code [0x0000020949d65fc0, 0x0000020949d66200]
Event: 2998.273 Thread 0x000002095ab1a2f0 14556       1       org.springframework.beans.factory.config.AbstractFactoryBean::isSingleton (5 bytes)
Event: 2998.273 Thread 0x000002095ab1a2f0 nmethod 14556 0x000002094938d210 code [0x000002094938d3a0, 0x000002094938d470]
Event: 2998.277 Thread 0x00000209536c3260 14557       1       org.springframework.data.jpa.util.JpaMetamodel$$Lambda/0x0000020901838230::test (10 bytes)
Event: 2998.277 Thread 0x00000209536c3260 nmethod 14557 0x0000020949ab3b90 code [0x0000020949ab3d40, 0x0000020949ab3ea8]
Event: 2998.278 Thread 0x000002095ab1a2f0 14558       1       org.springframework.data.repository.core.support.RepositoryComposition::<init> (37 bytes)
Event: 2998.278 Thread 0x000002095ab1a2f0 nmethod 14558 0x00000209499c2a10 code [0x00000209499c2c00, 0x00000209499c2f98]
Event: 2998.302 Thread 0x00000209536c3260 14559       1       java.lang.invoke.MethodHandle::spreadArrayChecks (90 bytes)
Event: 2998.303 Thread 0x00000209536c3260 nmethod 14559 0x0000020949c20b90 code [0x0000020949c20ea0, 0x0000020949c219c0]
Event: 2998.312 Thread 0x000002095ab1a2f0 14560       1       org.springframework.core.io.support.SpringFactoriesLoader$ArgumentResolver::and (12 bytes)
Event: 2998.313 Thread 0x000002095ab1a2f0 nmethod 14560 0x0000020949cc1710 code [0x0000020949cc1900, 0x0000020949cc1e68]

GC Heap History (20 events):
Event: 2458.531 GC heap before
{Heap before GC invocations=58 (full 14):
 garbage-first heap   total 90112K, used 71975K [0x0000000703e00000, 0x0000000800000000)
  region size 2048K, 25 young (51200K), 0 survivors (0K)
 Metaspace       used 73626K, committed 74432K, reserved 1114112K
  class space    used 10095K, committed 10496K, reserved 1048576K
}
Event: 2458.535 GC heap after
{Heap after GC invocations=59 (full 14):
 garbage-first heap   total 90112K, used 28530K [0x0000000703e00000, 0x0000000800000000)
  region size 2048K, 3 young (6144K), 3 survivors (6144K)
 Metaspace       used 73626K, committed 74432K, reserved 1114112K
  class space    used 10095K, committed 10496K, reserved 1048576K
}
Event: 2647.266 GC heap before
{Heap before GC invocations=60 (full 14):
 garbage-first heap   total 90112K, used 61298K [0x0000000703e00000, 0x0000000800000000)
  region size 2048K, 20 young (40960K), 3 survivors (6144K)
 Metaspace       used 73796K, committed 74624K, reserved 1114112K
  class space    used 10122K, committed 10496K, reserved 1048576K
}
Event: 2647.327 GC heap after
{Heap after GC invocations=61 (full 15):
 garbage-first heap   total 90112K, used 25947K [0x0000000703e00000, 0x0000000800000000)
  region size 2048K, 0 young (0K), 0 survivors (0K)
 Metaspace       used 73495K, committed 74496K, reserved 1114112K
  class space    used 10087K, committed 10496K, reserved 1048576K
}
Event: 2647.728 GC heap before
{Heap before GC invocations=61 (full 15):
 garbage-first heap   total 90112K, used 71003K [0x0000000703e00000, 0x0000000800000000)
  region size 2048K, 23 young (47104K), 0 survivors (0K)
 Metaspace       used 73657K, committed 74496K, reserved 1114112K
  class space    used 10100K, committed 10496K, reserved 1048576K
}
Event: 2647.731 GC heap after
{Heap after GC invocations=62 (full 15):
 garbage-first heap   total 90112K, used 30043K [0x0000000703e00000, 0x0000000800000000)
  region size 2048K, 2 young (4096K), 2 survivors (4096K)
 Metaspace       used 73657K, committed 74496K, reserved 1114112K
  class space    used 10100K, committed 10496K, reserved 1048576K
}
Event: 2731.399 GC heap before
{Heap before GC invocations=63 (full 15):
 garbage-first heap   total 90112K, used 60763K [0x0000000703e00000, 0x0000000800000000)
  region size 2048K, 18 young (36864K), 2 survivors (4096K)
 Metaspace       used 73676K, committed 74560K, reserved 1114112K
  class space    used 10090K, committed 10496K, reserved 1048576K
}
Event: 2731.452 GC heap after
{Heap after GC invocations=64 (full 16):
 garbage-first heap   total 90112K, used 27695K [0x0000000703e00000, 0x0000000800000000)
  region size 2048K, 0 young (0K), 0 survivors (0K)
 Metaspace       used 73440K, committed 74432K, reserved 1114112K
  class space    used 10071K, committed 10496K, reserved 1048576K
}
Event: 2731.838 GC heap before
{Heap before GC invocations=64 (full 16):
 garbage-first heap   total 90112K, used 70703K [0x0000000703e00000, 0x0000000800000000)
  region size 2048K, 22 young (45056K), 0 survivors (0K)
 Metaspace       used 73590K, committed 74496K, reserved 1114112K
  class space    used 10084K, committed 10496K, reserved 1048576K
}
Event: 2731.840 GC heap after
{Heap after GC invocations=65 (full 16):
 garbage-first heap   total 90112K, used 31503K [0x0000000703e00000, 0x0000000800000000)
  region size 2048K, 2 young (4096K), 2 survivors (4096K)
 Metaspace       used 73590K, committed 74496K, reserved 1114112K
  class space    used 10084K, committed 10496K, reserved 1048576K
}
Event: 2831.992 GC heap before
{Heap before GC invocations=66 (full 16):
 garbage-first heap   total 90112K, used 60175K [0x0000000703e00000, 0x0000000800000000)
  region size 2048K, 17 young (34816K), 2 survivors (4096K)
 Metaspace       used 73659K, committed 74496K, reserved 1114112K
  class space    used 10087K, committed 10496K, reserved 1048576K
}
Event: 2832.033 GC heap after
{Heap after GC invocations=67 (full 17):
 garbage-first heap   total 90112K, used 26046K [0x0000000703e00000, 0x0000000800000000)
  region size 2048K, 0 young (0K), 0 survivors (0K)
 Metaspace       used 73646K, committed 74496K, reserved 1114112K
  class space    used 10085K, committed 10496K, reserved 1048576K
}
Event: 2921.397 GC heap before
{Heap before GC invocations=67 (full 17):
 garbage-first heap   total 90112K, used 73150K [0x0000000703e00000, 0x0000000800000000)
  region size 2048K, 24 young (49152K), 0 survivors (0K)
 Metaspace       used 73722K, committed 74560K, reserved 1114112K
  class space    used 10095K, committed 10496K, reserved 1048576K
}
Event: 2921.401 GC heap after
{Heap after GC invocations=68 (full 17):
 garbage-first heap   total 90112K, used 29156K [0x0000000703e00000, 0x0000000800000000)
  region size 2048K, 2 young (4096K), 2 survivors (4096K)
 Metaspace       used 73722K, committed 74560K, reserved 1114112K
  class space    used 10095K, committed 10496K, reserved 1048576K
}
Event: 2921.875 GC heap before
{Heap before GC invocations=69 (full 17):
 garbage-first heap   total 90112K, used 74212K [0x0000000703e00000, 0x0000000800000000)
  region size 2048K, 25 young (51200K), 2 survivors (4096K)
 Metaspace       used 73931K, committed 74816K, reserved 1114112K
  class space    used 10127K, committed 10560K, reserved 1048576K
}
Event: 2921.882 GC heap after
{Heap after GC invocations=70 (full 17):
 garbage-first heap   total 90112K, used 31091K [0x0000000703e00000, 0x0000000800000000)
  region size 2048K, 3 young (6144K), 3 survivors (6144K)
 Metaspace       used 73931K, committed 74816K, reserved 1114112K
  class space    used 10127K, committed 10560K, reserved 1048576K
}
Event: 2997.862 GC heap before
{Heap before GC invocations=70 (full 17):
 garbage-first heap   total 90112K, used 61811K [0x0000000703e00000, 0x0000000800000000)
  region size 2048K, 19 young (38912K), 3 survivors (6144K)
 Metaspace       used 74129K, committed 75008K, reserved 1114112K
  class space    used 10156K, committed 10560K, reserved 1048576K
}
Event: 2997.913 GC heap after
{Heap after GC invocations=71 (full 18):
 garbage-first heap   total 90112K, used 26094K [0x0000000703e00000, 0x0000000800000000)
  region size 2048K, 0 young (0K), 0 survivors (0K)
 Metaspace       used 73814K, committed 74880K, reserved 1114112K
  class space    used 10117K, committed 10560K, reserved 1048576K
}
Event: 2998.279 GC heap before
{Heap before GC invocations=71 (full 18):
 garbage-first heap   total 90112K, used 71150K [0x0000000703e00000, 0x0000000800000000)
  region size 2048K, 23 young (47104K), 0 survivors (0K)
 Metaspace       used 73987K, committed 74944K, reserved 1114112K
  class space    used 10133K, committed 10560K, reserved 1048576K
}
Event: 2998.283 GC heap after
{Heap after GC invocations=72 (full 18):
 garbage-first heap   total 90112K, used 30126K [0x0000000703e00000, 0x0000000800000000)
  region size 2048K, 2 young (4096K), 2 survivors (4096K)
 Metaspace       used 73987K, committed 74944K, reserved 1114112K
  class space    used 10133K, committed 10560K, reserved 1048576K
}

Dll operation events (11 events):
Event: 0.006 Loaded shared library G:\STS\sts-4.30.0.RELEASE\plugins\org.eclipse.justj.openjdk.hotspot.jre.full.win32.x86_64_21.0.6.v20250130-0529\jre\bin\java.dll
Event: 0.038 Loaded shared library G:\STS\sts-4.30.0.RELEASE\plugins\org.eclipse.justj.openjdk.hotspot.jre.full.win32.x86_64_21.0.6.v20250130-0529\jre\bin\zip.dll
Event: 0.104 Loaded shared library G:\STS\sts-4.30.0.RELEASE\plugins\org.eclipse.justj.openjdk.hotspot.jre.full.win32.x86_64_21.0.6.v20250130-0529\jre\bin\jimage.dll
Event: 0.108 Loaded shared library G:\STS\sts-4.30.0.RELEASE\plugins\org.eclipse.justj.openjdk.hotspot.jre.full.win32.x86_64_21.0.6.v20250130-0529\jre\bin\net.dll
Event: 0.110 Loaded shared library G:\STS\sts-4.30.0.RELEASE\plugins\org.eclipse.justj.openjdk.hotspot.jre.full.win32.x86_64_21.0.6.v20250130-0529\jre\bin\nio.dll
Event: 0.111 Loaded shared library G:\STS\sts-4.30.0.RELEASE\plugins\org.eclipse.justj.openjdk.hotspot.jre.full.win32.x86_64_21.0.6.v20250130-0529\jre\bin\zip.dll
Event: 0.153 Loaded shared library G:\STS\sts-4.30.0.RELEASE\plugins\org.eclipse.justj.openjdk.hotspot.jre.full.win32.x86_64_21.0.6.v20250130-0529\jre\bin\management.dll
Event: 0.163 Loaded shared library G:\STS\sts-4.30.0.RELEASE\plugins\org.eclipse.justj.openjdk.hotspot.jre.full.win32.x86_64_21.0.6.v20250130-0529\jre\bin\management_ext.dll
Event: 0.357 Loaded shared library G:\STS\sts-4.30.0.RELEASE\plugins\org.eclipse.justj.openjdk.hotspot.jre.full.win32.x86_64_21.0.6.v20250130-0529\jre\bin\extnet.dll
Event: 1.225 Loaded shared library G:\STS\sts-4.30.0.RELEASE\plugins\org.eclipse.justj.openjdk.hotspot.jre.full.win32.x86_64_21.0.6.v20250130-0529\jre\bin\sunmscapi.dll
Event: 2.578 Loaded shared library G:\STS\sts-4.30.0.RELEASE\plugins\org.eclipse.justj.openjdk.hotspot.jre.full.win32.x86_64_21.0.6.v20250130-0529\jre\bin\verify.dll

Deoptimization events (6 events):
Event: 1.919 Thread 0x00000209586a4810 DEOPT PACKING pc=0x00000209493b978c sp=0x000000836bafcb80
Event: 1.919 Thread 0x00000209586a4810 DEOPT UNPACKING pc=0x0000020948c34e42 sp=0x000000836bafc038 mode 0
Event: 4.193 Thread 0x00000209586a4810 DEOPT PACKING pc=0x000002094925febc sp=0x000000836bafbf90
Event: 4.193 Thread 0x00000209586a4810 DEOPT UNPACKING pc=0x0000020948c34e42 sp=0x000000836bafb4e8 mode 0
Event: 4.236 Thread 0x00000209586a4810 DEOPT PACKING pc=0x000002094924fdf9 sp=0x000000836bafc2b0
Event: 4.236 Thread 0x00000209586a4810 DEOPT UNPACKING pc=0x0000020948c34e42 sp=0x000000836bafb7b8 mode 3

Classes loaded (20 events):
Event: 220.368 Loading class sun/security/ssl/Alert$Level
Event: 220.368 Loading class sun/security/ssl/Alert$Level done
Event: 220.368 Loading class sun/net/ConnectionResetException
Event: 220.368 Loading class sun/net/ConnectionResetException done
Event: 220.376 Loading class java/util/WeakHashMap$KeyIterator
Event: 220.376 Loading class java/util/WeakHashMap$HashIterator
Event: 220.376 Loading class java/util/WeakHashMap$HashIterator done
Event: 220.376 Loading class java/util/WeakHashMap$KeyIterator done
Event: 220.417 Loading class java/lang/ref/Finalizer$2
Event: 220.417 Loading class java/lang/ref/Finalizer$2 done
Event: 220.417 Loading class java/lang/ref/Finalizer$1
Event: 220.417 Loading class java/lang/ref/Finalizer$1 done
Event: 1423.485 Loading class java/util/concurrent/locks/ReentrantReadWriteLock$Sync$HoldCounter
Event: 1423.485 Loading class java/util/concurrent/locks/ReentrantReadWriteLock$Sync$HoldCounter done
Event: 2079.940 Loading class java/time/DurationEditor
Event: 2079.940 Loading class java/time/DurationEditor done
Event: 2458.561 Loading class java/time/DurationEditor
Event: 2458.561 Loading class java/time/DurationEditor done
Event: 2921.929 Loading class java/time/DurationEditor
Event: 2921.929 Loading class java/time/DurationEditor done

Classes unloaded (20 events):
Event: 2997.879 Thread 0x00000209536921f0 Unloading class 0x00000209011bc400 'java/lang/invoke/LambdaForm$MH+0x00000209011bc400'
Event: 2997.879 Thread 0x00000209536921f0 Unloading class 0x0000020901009400 'java/lang/invoke/LambdaForm$MH+0x0000020901009400'
Event: 2997.879 Thread 0x00000209536921f0 Unloading class 0x0000020901851000 'java/lang/invoke/LambdaForm$MH+0x0000020901851000'
Event: 2997.879 Thread 0x00000209536921f0 Unloading class 0x0000020901a05ac0 'jdk/proxy13/$Proxy167'
Event: 2997.879 Thread 0x00000209536921f0 Unloading class 0x0000020901a05410 'jdk/proxy13/$Proxy166'
Event: 2997.879 Thread 0x00000209536921f0 Unloading class 0x0000020901a050d0 'jdk/proxy13/$Proxy165'
Event: 2997.879 Thread 0x00000209536921f0 Unloading class 0x0000020901a04478 'jdk/proxy13/$Proxy164'
Event: 2997.879 Thread 0x00000209536921f0 Unloading class 0x0000020901a04000 'jdk/proxy13/$Proxy163'
Event: 2997.879 Thread 0x00000209536921f0 Unloading class 0x00000209012dc000 'com/bookStore/bookStore/entity/MyBookList$HibernateInstantiator$Ilr5lZ83'
Event: 2997.879 Thread 0x00000209536921f0 Unloading class 0x00000209012dc800 'com/bookStore/bookStore/entity/MyBookList$HibernateProxy$9eE0tg7C'
Event: 2997.879 Thread 0x00000209536921f0 Unloading class 0x00000209012dd800 'com/bookStore/bookStore/entity/Book$HibernateInstantiator$2yaItp6F'
Event: 2997.879 Thread 0x00000209536921f0 Unloading class 0x0000020901331000 'com/bookStore/bookStore/entity/Book$HibernateProxy$C51oD4wq'
Event: 2997.879 Thread 0x00000209536921f0 Unloading class 0x00000209013bc000 'com/bookStore/bookStore/entity/MyBookList'
Event: 2997.879 Thread 0x00000209536921f0 Unloading class 0x00000209019c8000 'com/bookStore/bookStore/repository/MyBookRepository'
Event: 2997.879 Thread 0x00000209536921f0 Unloading class 0x000002090139cc00 'com/bookStore/bookStore/entity/Book'
Event: 2997.879 Thread 0x00000209536921f0 Unloading class 0x000002090139c608 'com/bookStore/bookStore/repository/BookRepository'
Event: 2997.879 Thread 0x00000209536921f0 Unloading class 0x000002090139c400 'com/bookStore/bookStore/service/MyBookListService'
Event: 2997.879 Thread 0x00000209536921f0 Unloading class 0x00000209010d8428 'com/bookStore/bookStore/service/BookService'
Event: 2997.879 Thread 0x00000209536921f0 Unloading class 0x00000209010d81f8 'com/bookStore/bookStore/controller/BookController'
Event: 2997.879 Thread 0x00000209536921f0 Unloading class 0x00000209010d8000 'com/bookStore/bookStore/BookStoreApplication'

Classes redefined (0 events):
No events

Internal exceptions (20 events):
Event: 2921.686 Thread 0x000002095ada1240 Exception <a 'java/lang/NoSuchMethodError'{0x000000070764d660}: 'int java.lang.invoke.DelegatingMethodHandle$Holder.reinvoke_L(java.lang.Object, java.lang.Object, java.lang.Object, java.lang.Object)'> (0x000000070764d660) 
thrown [s\src\hotspot\share\interpreter\linkResolver.cpp, line 773]
Event: 2921.690 Thread 0x000002095ada1240 Exception <a 'java/io/FileNotFoundException'{0x0000000707692b08}> (0x0000000707692b08) 
thrown [s\src\hotspot\share\prims\jni.cpp, line 520]
Event: 2921.710 Thread 0x000002095ada1240 Exception <a 'java/io/FileNotFoundException'{0x0000000707450a30}> (0x0000000707450a30) 
thrown [s\src\hotspot\share\prims\jni.cpp, line 520]
Event: 2922.054 Thread 0x0000020959d8a960 Exception <a 'java/lang/NoSuchMethodError'{0x0000000707f910f0}: static [B.<clinit>()V> (0x0000000707f910f0) 
thrown [s\src\hotspot\share\prims\jni.cpp, line 1111]
Event: 2922.054 Thread 0x0000020959d8aff0 Exception <a 'java/lang/NoSuchMethodError'{0x0000000707f9d2b0}: static [B.<clinit>()V> (0x0000000707f9d2b0) 
thrown [s\src\hotspot\share\prims\jni.cpp, line 1111]
Event: 2997.852 Thread 0x0000020959d867c0 Exception <a 'java/net/SocketException'{0x00000007077c6c58}: Connection reset by peer: shutdown> (0x00000007077c6c58) 
thrown [s\src\hotspot\share\prims\jni.cpp, line 539]
Event: 2997.862 Thread 0x000002095ad9eae0 Exception <a 'java/lang/InterruptedException'{0x00000007077f55b8}: sleep interrupted> (0x00000007077f55b8) 
thrown [s\src\hotspot\share\prims\jvm.cpp, line 3074]
Event: 2997.921 Thread 0x0000020959d874e0 Exception <a 'sun/nio/fs/WindowsException'{0x000000070c877fa0}> (0x000000070c877fa0) 
thrown [s\src\hotspot\share\prims\jni.cpp, line 520]
Event: 2998.123 Thread 0x0000020959d874e0 Exception <a 'java/lang/NoClassDefFoundError'{0x0000000707ee2d70}: org/flywaydb/core/Flyway> (0x0000000707ee2d70) 
thrown [s\src\hotspot\share\oops\constantPool.cpp, line 873]
Event: 2998.123 Thread 0x0000020959d874e0 Exception <a 'java/lang/NoClassDefFoundError'{0x0000000707ee33d0}: liquibase/integration/spring/SpringLiquibase> (0x0000000707ee33d0) 
thrown [s\src\hotspot\share\oops\constantPool.cpp, line 873]
Event: 2998.124 Thread 0x0000020959d874e0 Exception <a 'java/lang/NoClassDefFoundError'{0x0000000707f0b1d0}: org/jooq/DSLContext> (0x0000000707f0b1d0) 
thrown [s\src\hotspot\share\oops\constantPool.cpp, line 873]
Event: 2998.126 Thread 0x0000020959d874e0 Exception <a 'java/lang/NoClassDefFoundError'{0x0000000707f4edb0}: org/springframework/batch/core/repository/JobRepository> (0x0000000707f4edb0) 
thrown [s\src\hotspot\share\oops\constantPool.cpp, line 873]
Event: 2998.126 Thread 0x0000020959d874e0 Exception <a 'java/lang/NoClassDefFoundError'{0x0000000707f4f408}: org/quartz/Scheduler> (0x0000000707f4f408) 
thrown [s\src\hotspot\share\oops\constantPool.cpp, line 873]
Event: 2998.126 Thread 0x0000020959d874e0 Exception <a 'java/lang/NoClassDefFoundError'{0x0000000707f4fa88}: org/springframework/session/jdbc/JdbcIndexedSessionRepository> (0x0000000707f4fa88) 
thrown [s\src\hotspot\share\oops\constantPool.cpp, line 873]
Event: 2998.160 Thread 0x0000020959d874e0 Exception <a 'java/io/FileNotFoundException'{0x00000007079c2df8}> (0x00000007079c2df8) 
thrown [s\src\hotspot\share\prims\jni.cpp, line 520]
Event: 2998.177 Thread 0x0000020959d874e0 Exception <a 'java/io/FileNotFoundException'{0x000000070777b178}> (0x000000070777b178) 
thrown [s\src\hotspot\share\prims\jni.cpp, line 520]
Event: 2998.302 Thread 0x0000020959d874e0 Exception <a 'java/lang/NoClassDefFoundError'{0x000000070c88b248}: List> (0x000000070c88b248) 
thrown [s\src\hotspot\share\classfile\systemDictionary.cpp, line 301]
Event: 2998.308 Thread 0x0000020959d867c0 Exception <a 'java/lang/InterruptedException'{0x000000070c92b808}: sleep interrupted> (0x000000070c92b808) 
thrown [s\src\hotspot\share\prims\jvm.cpp, line 3074]
Event: 2998.315 Thread 0x0000020959d874e0 Exception <a 'java/lang/NoClassDefFoundError'{0x000000070c8df508}: jakarta/validation/ValidationException> (0x000000070c8df508) 
thrown [s\src\hotspot\share\classfile\systemDictionary.cpp, line 301]
Event: 2998.315 Thread 0x0000020959d874e0 Exception <a 'java/lang/NoClassDefFoundError'{0x000000070c8e1c58}: liquibase/exception/ChangeLogParseException> (0x000000070c8e1c58) 
thrown [s\src\hotspot\share\classfile\systemDictionary.cpp, line 301]

ZGC Phase Switch (0 events):
No events

VM Operations (20 events):
Event: 2921.397 Executing VM operation: G1CollectForAllocation (G1 Evacuation Pause)
Event: 2921.401 Executing VM operation: G1CollectForAllocation (G1 Evacuation Pause) done
Event: 2921.432 Executing VM operation: G1PauseRemark
Event: 2921.442 Executing VM operation: G1PauseRemark done
Event: 2921.452 Executing VM operation: G1PauseCleanup
Event: 2921.452 Executing VM operation: G1PauseCleanup done
Event: 2921.861 Executing VM operation: G1CollectForAllocation (G1 Evacuation Pause)
Event: 2921.882 Executing VM operation: G1CollectForAllocation (G1 Evacuation Pause) done
Event: 2922.892 Executing VM operation: Cleanup
Event: 2922.892 Executing VM operation: Cleanup done
Event: 2941.080 Executing VM operation: Cleanup
Event: 2941.080 Executing VM operation: Cleanup done
Event: 2945.593 Executing VM operation: HandshakeAllThreads (HandshakeForDeflation)
Event: 2945.593 Executing VM operation: HandshakeAllThreads (HandshakeForDeflation) done
Event: 2945.593 Executing VM operation: RendezvousGCThreads
Event: 2945.593 Executing VM operation: RendezvousGCThreads done
Event: 2997.862 Executing VM operation: G1CollectFull (System.gc())
Event: 2997.913 Executing VM operation: G1CollectFull (System.gc()) done
Event: 2998.279 Executing VM operation: G1CollectForAllocation (G1 Evacuation Pause)
Event: 2998.283 Executing VM operation: G1CollectForAllocation (G1 Evacuation Pause) done

Memory protections (0 events):
No events

Nmethod flushes (20 events):
Event: 2997.889 Thread 0x00000209536921f0 flushing  nmethod 0x0000020949ec0b90
Event: 2997.889 Thread 0x00000209536921f0 flushing  nmethod 0x0000020949ec1290
Event: 2997.889 Thread 0x00000209536921f0 flushing  nmethod 0x0000020949ec1590
Event: 2997.889 Thread 0x00000209536921f0 flushing  nmethod 0x0000020949ec1b90
Event: 2997.889 Thread 0x00000209536921f0 flushing  nmethod 0x0000020949ecf810
Event: 2997.889 Thread 0x00000209536921f0 flushing  nmethod 0x0000020949ecfc10
Event: 2997.889 Thread 0x00000209536921f0 flushing  nmethod 0x0000020949ed0310
Event: 2997.889 Thread 0x00000209536921f0 flushing  nmethod 0x0000020949ed0690
Event: 2997.889 Thread 0x00000209536921f0 flushing  nmethod 0x0000020949ed0a10
Event: 2997.889 Thread 0x00000209536921f0 flushing  nmethod 0x0000020949ed0d10
Event: 2997.889 Thread 0x00000209536921f0 flushing  nmethod 0x0000020949ed1210
Event: 2997.889 Thread 0x00000209536921f0 flushing  nmethod 0x0000020949ed1510
Event: 2997.889 Thread 0x00000209536921f0 flushing  nmethod 0x0000020949ed1a90
Event: 2997.889 Thread 0x00000209536921f0 flushing  nmethod 0x0000020949ed1e10
Event: 2997.889 Thread 0x00000209536921f0 flushing  nmethod 0x0000020949ed2790
Event: 2997.889 Thread 0x00000209536921f0 flushing  nmethod 0x0000020949ed3c10
Event: 2997.889 Thread 0x00000209536921f0 flushing  nmethod 0x0000020949ed4010
Event: 2997.889 Thread 0x00000209536921f0 flushing  nmethod 0x0000020949ed4e10
Event: 2997.889 Thread 0x00000209536921f0 flushing  nmethod 0x0000020949ed5590
Event: 2997.889 Thread 0x00000209536921f0 flushing  nmethod 0x0000020949ed5910

Events (20 events):
Event: 2997.862 Thread 0x000002095ad9d0a0 Thread exited: 0x000002095ad9d0a0
Event: 2997.862 Thread 0x000002095ad9eae0 Thread exited: 0x000002095ad9eae0
Event: 2997.913 Thread 0x0000020959d84d80 Thread added: 0x0000020959d87b70
Event: 2997.913 Thread 0x0000020959d87b70 Thread exited: 0x0000020959d87b70
Event: 2997.913 Thread 0x0000020959d84d80 Thread added: 0x0000020959d874e0
Event: 2997.936 Thread 0x00000209536c3260 Thread added: 0x000002095ab1a2f0
Event: 2997.961 Thread 0x0000020959d874e0 Thread added: 0x0000020959d895b0
Event: 2997.979 Thread 0x0000020959d895b0 Thread exited: 0x0000020959d895b0
Event: 2998.178 Thread 0x0000020959d874e0 Thread added: 0x0000020959d89c40
Event: 2998.178 Thread 0x0000020959d874e0 Thread added: 0x0000020959d85aa0
Event: 2998.178 Thread 0x0000020959d874e0 Thread added: 0x0000020959d867c0
Event: 2998.214 Thread 0x0000020959d874e0 Thread added: 0x0000020959d86e50
Event: 2998.304 Thread 0x0000020959d874e0 Thread added: 0x0000020959d8b680
Event: 2998.304 Thread 0x0000020959d86e50 Thread exited: 0x0000020959d86e50
Event: 2998.305 Thread 0x0000020959d8b680 Thread exited: 0x0000020959d8b680
Event: 2998.308 Thread 0x0000020959d85aa0 Thread exited: 0x0000020959d85aa0
Event: 2998.308 Thread 0x0000020959d89c40 Thread exited: 0x0000020959d89c40
Event: 2998.308 Thread 0x0000020959d867c0 Thread exited: 0x0000020959d867c0
Event: 2998.319 Thread 0x0000020959d874e0 Thread exited: 0x0000020959d874e0
Event: 2998.319 Thread 0x0000020959d84d80 Thread added: 0x0000020959d85410


Dynamic libraries:
0x00007ff7dc210000 - 0x00007ff7dc21e000 	G:\STS\sts-4.30.0.RELEASE\plugins\org.eclipse.justj.openjdk.hotspot.jre.full.win32.x86_64_21.0.6.v20250130-0529\jre\bin\javaw.exe
0x00007ff948970000 - 0x00007ff948b68000 	C:\Windows\SYSTEM32\ntdll.dll
0x00007ff947870000 - 0x00007ff947932000 	C:\Windows\System32\KERNEL32.DLL
0x00007ff946420000 - 0x00007ff946716000 	C:\Windows\System32\KERNELBASE.dll
0x00007ff946120000 - 0x00007ff946220000 	C:\Windows\System32\ucrtbase.dll
0x00007ff91ed30000 - 0x00007ff91ed48000 	G:\STS\sts-4.30.0.RELEASE\plugins\org.eclipse.justj.openjdk.hotspot.jre.full.win32.x86_64_21.0.6.v20250130-0529\jre\bin\jli.dll
0x00007ff918410000 - 0x00007ff91842e000 	G:\STS\sts-4.30.0.RELEASE\plugins\org.eclipse.justj.openjdk.hotspot.jre.full.win32.x86_64_21.0.6.v20250130-0529\jre\bin\VCRUNTIME140.dll
0x00007ff948550000 - 0x00007ff9486ed000 	C:\Windows\System32\USER32.dll
0x00007ff92de70000 - 0x00007ff92e10a000 	C:\Windows\WinSxS\amd64_microsoft.windows.common-controls_6595b64144ccf1df_6.0.19041.5915_none_60b4b9d171f9c7c7\COMCTL32.dll
0x00007ff946800000 - 0x00007ff946822000 	C:\Windows\System32\win32u.dll
0x00007ff9484b0000 - 0x00007ff94854e000 	C:\Windows\System32\msvcrt.dll
0x00007ff948900000 - 0x00007ff94892b000 	C:\Windows\System32\GDI32.dll
0x00007ff946000000 - 0x00007ff946119000 	C:\Windows\System32\gdi32full.dll
0x00007ff946220000 - 0x00007ff9462bd000 	C:\Windows\System32\msvcp_win.dll
0x00007ff946ca0000 - 0x00007ff946ccf000 	C:\Windows\System32\IMM32.DLL
0x00007ff92f6b0000 - 0x00007ff92f6bc000 	G:\STS\sts-4.30.0.RELEASE\plugins\org.eclipse.justj.openjdk.hotspot.jre.full.win32.x86_64_21.0.6.v20250130-0529\jre\bin\vcruntime140_1.dll
0x00007ff911ea0000 - 0x00007ff911f2d000 	G:\STS\sts-4.30.0.RELEASE\plugins\org.eclipse.justj.openjdk.hotspot.jre.full.win32.x86_64_21.0.6.v20250130-0529\jre\bin\msvcp140.dll
0x00007ff8e74a0000 - 0x00007ff8e8230000 	G:\STS\sts-4.30.0.RELEASE\plugins\org.eclipse.justj.openjdk.hotspot.jre.full.win32.x86_64_21.0.6.v20250130-0529\jre\bin\server\jvm.dll
0x00007ff946cd0000 - 0x00007ff946d81000 	C:\Windows\System32\ADVAPI32.dll
0x00007ff947f40000 - 0x00007ff947fdf000 	C:\Windows\System32\sechost.dll
0x00007ff946b70000 - 0x00007ff946c93000 	C:\Windows\System32\RPCRT4.dll
0x00007ff946960000 - 0x00007ff946987000 	C:\Windows\System32\bcrypt.dll
0x00007ff947db0000 - 0x00007ff947e1b000 	C:\Windows\System32\WS2_32.dll
0x00007ff945db0000 - 0x00007ff945dfb000 	C:\Windows\SYSTEM32\POWRPROF.dll
0x00007ff92e2c0000 - 0x00007ff92e2e7000 	C:\Windows\SYSTEM32\WINMM.dll
0x00007ff93fd00000 - 0x00007ff93fd0a000 	C:\Windows\SYSTEM32\VERSION.dll
0x00007ff945d90000 - 0x00007ff945da2000 	C:\Windows\SYSTEM32\UMPDC.dll
0x00007ff943e80000 - 0x00007ff943e92000 	C:\Windows\SYSTEM32\kernel.appcore.dll
0x00007ff942990000 - 0x00007ff94299a000 	G:\STS\sts-4.30.0.RELEASE\plugins\org.eclipse.justj.openjdk.hotspot.jre.full.win32.x86_64_21.0.6.v20250130-0529\jre\bin\jimage.dll
0x00007ff933540000 - 0x00007ff933741000 	C:\Windows\SYSTEM32\DBGHELP.DLL
0x00007ff93ca30000 - 0x00007ff93ca64000 	C:\Windows\SYSTEM32\dbgcore.DLL
0x00007ff946770000 - 0x00007ff9467f2000 	C:\Windows\System32\bcryptPrimitives.dll
0x00007ff92f6c0000 - 0x00007ff92f6df000 	G:\STS\sts-4.30.0.RELEASE\plugins\org.eclipse.justj.openjdk.hotspot.jre.full.win32.x86_64_21.0.6.v20250130-0529\jre\bin\java.dll
0x00007ff947100000 - 0x00007ff94786e000 	C:\Windows\System32\SHELL32.dll
0x00007ff944080000 - 0x00007ff944824000 	C:\Windows\SYSTEM32\windows.storage.dll
0x00007ff9479a0000 - 0x00007ff947cf3000 	C:\Windows\System32\combase.dll
0x00007ff9459c0000 - 0x00007ff9459eb000 	C:\Windows\SYSTEM32\Wldp.dll
0x00007ff948830000 - 0x00007ff9488fd000 	C:\Windows\System32\OLEAUT32.dll
0x00007ff946ac0000 - 0x00007ff946b6d000 	C:\Windows\System32\SHCORE.dll
0x00007ff948450000 - 0x00007ff9484ab000 	C:\Windows\System32\shlwapi.dll
0x00007ff945f30000 - 0x00007ff945f55000 	C:\Windows\SYSTEM32\profapi.dll
0x00007ff92d840000 - 0x00007ff92d858000 	G:\STS\sts-4.30.0.RELEASE\plugins\org.eclipse.justj.openjdk.hotspot.jre.full.win32.x86_64_21.0.6.v20250130-0529\jre\bin\zip.dll
0x00007ff942980000 - 0x00007ff942990000 	G:\STS\sts-4.30.0.RELEASE\plugins\org.eclipse.justj.openjdk.hotspot.jre.full.win32.x86_64_21.0.6.v20250130-0529\jre\bin\net.dll
0x00007ff93df00000 - 0x00007ff93e00a000 	C:\Windows\SYSTEM32\WINHTTP.dll
0x00007ff945720000 - 0x00007ff94578a000 	C:\Windows\system32\mswsock.dll
0x00007ff92c9b0000 - 0x00007ff92c9c6000 	G:\STS\sts-4.30.0.RELEASE\plugins\org.eclipse.justj.openjdk.hotspot.jre.full.win32.x86_64_21.0.6.v20250130-0529\jre\bin\nio.dll
0x00007ff92c9a0000 - 0x00007ff92c9aa000 	G:\STS\sts-4.30.0.RELEASE\plugins\org.eclipse.justj.openjdk.hotspot.jre.full.win32.x86_64_21.0.6.v20250130-0529\jre\bin\management.dll
0x00007ff91ee40000 - 0x00007ff91ee4b000 	G:\STS\sts-4.30.0.RELEASE\plugins\org.eclipse.justj.openjdk.hotspot.jre.full.win32.x86_64_21.0.6.v20250130-0529\jre\bin\management_ext.dll
0x00007ff948770000 - 0x00007ff948778000 	C:\Windows\System32\PSAPI.DLL
0x00007ff91fd30000 - 0x00007ff91fd47000 	C:\Windows\system32\napinsp.dll
0x00007ff91fd10000 - 0x00007ff91fd2b000 	C:\Windows\system32\pnrpnsp.dll
0x00007ff9427e0000 - 0x00007ff9427fd000 	C:\Windows\system32\wshbth.dll
0x00007ff93fee0000 - 0x00007ff93fefd000 	C:\Windows\system32\NLAapi.dll
0x00007ff945400000 - 0x00007ff94543b000 	C:\Windows\SYSTEM32\IPHLPAPI.DLL
0x00007ff945440000 - 0x00007ff94550a000 	C:\Windows\SYSTEM32\DNSAPI.dll
0x00007ff947000000 - 0x00007ff947008000 	C:\Windows\System32\NSI.dll
0x00007ff920080000 - 0x00007ff920092000 	C:\Windows\System32\winrnr.dll
0x00007ff93ff00000 - 0x00007ff93ff0a000 	C:\Windows\System32\rasadhlp.dll
0x00007ff931e30000 - 0x00007ff931eb0000 	C:\Windows\System32\fwpuclnt.dll
0x00007ff945920000 - 0x00007ff945938000 	C:\Windows\SYSTEM32\CRYPTSP.dll
0x00007ff944fe0000 - 0x00007ff945018000 	C:\Windows\system32\rsaenh.dll
0x00007ff945ef0000 - 0x00007ff945f1e000 	C:\Windows\SYSTEM32\USERENV.dll
0x00007ff945910000 - 0x00007ff94591c000 	C:\Windows\SYSTEM32\CRYPTBASE.dll
0x00007ff932920000 - 0x00007ff932929000 	G:\STS\sts-4.30.0.RELEASE\plugins\org.eclipse.justj.openjdk.hotspot.jre.full.win32.x86_64_21.0.6.v20250130-0529\jre\bin\extnet.dll
0x00007ff93f7e0000 - 0x00007ff93f7ee000 	G:\STS\sts-4.30.0.RELEASE\plugins\org.eclipse.justj.openjdk.hotspot.jre.full.win32.x86_64_21.0.6.v20250130-0529\jre\bin\sunmscapi.dll
0x00007ff9462c0000 - 0x00007ff94641d000 	C:\Windows\System32\CRYPT32.dll
0x00007ff945a30000 - 0x00007ff945a57000 	C:\Windows\SYSTEM32\ncrypt.dll
0x00007ff9459f0000 - 0x00007ff945a2b000 	C:\Windows\SYSTEM32\NTASN1.dll
0x00007ff940450000 - 0x00007ff940460000 	G:\STS\sts-4.30.0.RELEASE\plugins\org.eclipse.justj.openjdk.hotspot.jre.full.win32.x86_64_21.0.6.v20250130-0529\jre\bin\verify.dll
0x00007ff918f60000 - 0x00007ff918f67000 	C:\Windows\system32\wshunix.dll

dbghelp: loaded successfully - version: 4.0.5 - missing functions: none
symbol engine: initialized successfully - sym options: 0x614 - pdb path: .;G:\STS\sts-4.30.0.RELEASE\plugins\org.eclipse.justj.openjdk.hotspot.jre.full.win32.x86_64_21.0.6.v20250130-0529\jre\bin;C:\Windows\SYSTEM32;C:\Windows\WinSxS\amd64_microsoft.windows.common-controls_6595b64144ccf1df_6.0.19041.5915_none_60b4b9d171f9c7c7;G:\STS\sts-4.30.0.RELEASE\plugins\org.eclipse.justj.openjdk.hotspot.jre.full.win32.x86_64_21.0.6.v20250130-0529\jre\bin\server

VM Arguments:
jvm_args: -Dcom.sun.management.jmxremote -Dcom.sun.management.jmxremote.port=52440 -Dcom.sun.management.jmxremote.authenticate=false -Dcom.sun.management.jmxremote.ssl=false -Djava.rmi.server.hostname=localhost -Dspring.jmx.enabled=true -Dmanagement.endpoints.jmx.exposure.include=* -Dspring.application.admin.enabled=true -Dspring.output.ansi.enabled=always -XX:TieredStopAtLevel=1 -Dspring.boot.project.name=bookStore -Dfile.encoding=UTF-8 -Dstdout.encoding=UTF-8 -Dstderr.encoding=UTF-8 -XX:+ShowCodeDetailsInExceptionMessages 
java_command: com.bookStore.bookStore.BookStoreApplication
java_class_path (initial): C:\Users\PC\git\BookStore\bookStore\target\classes;C:\Users\PC\.m2\repository\org\springframework\boot\spring-boot-starter-data-jpa\3.3.13\spring-boot-starter-data-jpa-3.3.13.jar;C:\Users\PC\.m2\repository\org\springframework\boot\spring-boot-starter-aop\3.3.13\spring-boot-starter-aop-3.3.13.jar;C:\Users\PC\.m2\repository\org\springframework\spring-aop\6.1.21\spring-aop-6.1.21.jar;C:\Users\PC\.m2\repository\org\aspectj\aspectjweaver\1.9.24\aspectjweaver-1.9.24.jar;C:\Users\PC\.m2\repository\org\springframework\boot\spring-boot-starter-jdbc\3.3.13\spring-boot-starter-jdbc-3.3.13.jar;C:\Users\PC\.m2\repository\com\zaxxer\HikariCP\5.1.0\HikariCP-5.1.0.jar;C:\Users\PC\.m2\repository\org\springframework\spring-jdbc\6.1.21\spring-jdbc-6.1.21.jar;C:\Users\PC\.m2\repository\org\hibernate\orm\hibernate-core\6.5.3.Final\hibernate-core-6.5.3.Final.jar;C:\Users\PC\.m2\repository\jakarta\persistence\jakarta.persistence-api\3.1.0\jakarta.persistence-api-3.1.0.jar;C:\Users\PC\.m2\repository\jakarta\transaction\jakarta.transaction-api\2.0.1\jakarta.transaction-api-2.0.1.jar;C:\Users\PC\.m2\repository\org\jboss\logging\jboss-logging\3.5.3.Final\jboss-logging-3.5.3.Final.jar;C:\Users\PC\.m2\repository\org\hibernate\common\hibernate-commons-annotations\6.0.6.Final\hibernate-commons-annotations-6.0.6.Final.jar;C:\Users\PC\.m2\repository\io\smallrye\jandex\3.1.2\jandex-3.1.2.jar;C:\Users\PC\.m2\repository\com\fasterxml\classmate\1.7.0\classmate-1.7.0.jar;C:\Users\PC\.m2\repository\net\bytebuddy\byte-buddy\1.14.19\byte-buddy-1.14.19.jar;C:\Users\PC\.m2\repository\org\glassfish\jaxb\jaxb-runtime\4.0.5\jaxb-runtime-4.0.5.jar;C:\Users\PC\.m2\repository\org\glassfish\jaxb\jaxb-core\4.0.5\jaxb-core-4.0.5.jar;C:\Users\PC\.m2\repository\org\eclipse\angus\angus-activation\2.0.2\angus-activation-2.0.2.jar;C:\Users\PC\.m2\repository\org\glassfish\jaxb\txw2\4.0.5\txw2-4.0.5.jar;C:\Users\PC\.m2\repository\com\sun\istack\istack-commons-runtime\4.1.2\istack-commons-runtime-4.1.2.jar;C:\Users\PC\.m2\repository\jakarta\inject\jakarta.inject-api\2.0.1\jakarta.inject-api-2.0.1.jar;C:\Users\PC\.m2\repository\org\antlr\antlr4-runtime\4.13.0\antlr4-runtime-4.13.0.jar;C:\Users\PC\.m2\repository\org\springframework\data\spring-data-jpa\3.3.13\spring-data-jpa-3.3.13.jar;C:\Users\PC\.m2\repository\org\springframework\data\spring-data-commons\3.3.13\spring-data-commons-3.3.13.jar;C:\Users\PC\.m2\repository\org\springframework\spring-orm\6.1.21\spring-orm-6.1.21.jar;C:\Users\PC\.m2\repository\org\springframework\spring-context\6.1.21\spring-context-6.1.21.jar;C:\Users\PC\.m2\repository\org\springframework\spring-tx\6.1.21\spring-tx-6.1.21.jar;C:\Users\PC\.m2\repository\org\springframework\spring-beans\6.1.21\spring-beans-6.1.21.jar;C:\Users\PC\.m2\repository\jakarta\annotation\jakarta.annotation-api\2.1.1\jakarta.annotation-api-2.1.1.jar;C:\Users\PC\.m2\repository\org\slf4j\slf4j-api\2.0.17\slf4j-api-2.0.17.jar;C:\Users\PC\.m2\repository\org\springframework\spring-aspects\6.1.21\spring-aspects-6.1.21.jar;C:\Users\PC\.m2\repository\org\springframework\boot\spring-boot-starter-thymeleaf\3.3.13\spring-boot-starter-thymeleaf-3.3.13.jar;C:\Users\PC\.m2\repository\org\springframework\boot\spring-boot-starter\3.3.13\spring-boot-starter-3.3.13.jar;C:\Users\PC\.m2\repository\org\springframework\boot\spring-boot-starter-logging\3.3.13\spring-boot-starter-logging-3.3.13.jar;C:\Users\PC\.m2\repository\ch\qos\logback\logback-classic\1.5.18\logback-classic-1.5.18.jar;C:\Users\PC\.m2\repository\ch\qos\logback\logback-core\1.5.18\logback-core-1.5.18.jar;C:\Users\PC\.m2\repository\org\apache\logging\log4j\log4j-to-slf4j\2.23.1\log4j-to-slf4j-2.23.1.jar;C:\Users\PC\.m2\repository\org\apache\logging\log4j\log4j-api\2.23.1\log4j-api-2.23.1.jar;C:\Users\PC\.m2\repository\org\slf4j\jul-to-slf4j\2.0.17\jul-to-slf4j-2.0.17.jar;C:\Users\PC\.m2\repository\org\yaml\snakeyaml\2.2\snakeyaml-2.2.jar;C:\Users\PC\.m2\repository\org\thymeleaf\thymeleaf-spring6\3.1.3.RELEASE\thymeleaf-spring6-3.1.3.RELEASE.jar;C:\Users\PC\.m2\repository\org\thymeleaf\thymeleaf\3.1.3.RELEASE\thymeleaf-3.1.3.RELEASE.jar;C:\Users\PC\.m2\repository\org\attoparser\attoparser\2.0.7.RELEASE\attoparser-2.0.7.RELEASE.jar;C:\Users\PC\.m2\repository\org\unbescape\unbescape\1.1.6.RELEASE\unbescape-1.1.6.RELEASE.jar;C:\Users\PC\.m2\repository\org\springframework\boot\spring-boot-starter-web\3.3.13\spring-boot-starter-web-3.3.13.jar;C:\Users\PC\.m2\repository\org\springframework\boot\spring-boot-starter-json\3.3.13\spring-boot-starter-json-3.3.13.jar;C:\Users\PC\.m2\repository\com\fasterxml\jackson\core\jackson-databind\2.17.3\jackson-databind-2.17.3.jar;C:\Users\PC\.m2\repository\com\fasterxml\jackson\core\jackson-annotations\2.17.3\jackson-annotations-2.17.3.jar;C:\Users\PC\.m2\repository\com\fasterxml\jackson\core\jackson-core\2.17.3\jackson-core-2.17.3.jar;C:\Users\PC\.m2\repository\com\fasterxml\jackson\datatype\jackson-datatype-jdk8\2.17.3\jackson-datatype-jdk8-2.17.3.jar;C:\Users\PC\.m2\repository\com\fasterxml\jackson\datatype\jackson-datatype-jsr310\2.17.3\jackson-datatype-jsr310-2.17.3.jar;C:\Users\PC\.m2\repository\com\fasterxml\jackson\module\jackson-module-parameter-names\2.17.3\jackson-module-parameter-names-2.17.3.jar;C:\Users\PC\.m2\repository\org\springframework\boot\spring-boot-starter-tomcat\3.3.13\spring-boot-starter-tomcat-3.3.13.jar;C:\Users\PC\.m2\repository\org\apache\tomcat\embed\tomcat-embed-core\10.1.42\tomcat-embed-core-10.1.42.jar;C:\Users\PC\.m2\repository\org\apache\tomcat\embed\tomcat-embed-el\10.1.42\tomcat-embed-el-10.1.42.jar;C:\Users\PC\.m2\repository\org\apache\tomcat\embed\tomcat-embed-websocket\10.1.42\tomcat-embed-websocket-10.1.42.jar;C:\Users\PC\.m2\repository\org\springframework\spring-web\6.1.21\spring-web-6.1.21.jar;C:\Users\PC\.m2\repository\io\micrometer\micrometer-observation\1.13.15\micrometer-observation-1.13.15.jar;C:\Users\PC\.m2\repository\io\micrometer\micrometer-commons\1.13.15\micrometer-commons-1.13.15.jar;C:\Users\PC\.m2\repository\org\springframework\spring-webmvc\6.1.21\spring-webmvc-6.1.21.jar;C:\Users\PC\.m2\repository\org\springframework\spring-expression\6.1.21\spring-expression-6.1.21.jar;C:\Users\PC\.m2\repository\org\springframework\boot\spring-boot-devtools\3.3.13\spring-boot-devtools-3.3.13.jar;C:\Users\PC\.m2\repository\org\springframework\boot\spring-boot\3.3.13\spring-boot-3.3.13.jar;C:\Users\PC\.m2\repository\org\springframework\boot\spring-boot-autoconfigure\3.3.13\spring-boot-autoconfigure-3.3.13.jar;C:\Users\PC\.m2\repository\com\mysql\mysql-connector-j\8.3.0\mysql-connector-j-8.3.0.jar;C:\Users\PC\.m2\repository\jakarta\xml\bind\jakarta.xml.bind-api\4.0.2\jakarta.xml.bind-api-4.0.2.jar;C:\Users\PC\.m2\repository\jakarta\activation\jakarta.activation-api\2.1.3\jakarta.activation-api-2.1.3.jar;C:\Users\PC\.m2\repository\org\springframework\spring-core\6.1.21\spring-core-6.1.21.jar;C:\Users\PC\.m2\repository\org\springframework\spring-jcl\6.1.21\spring-jcl-6.1.21.jar
Launcher Type: SUN_STANDARD

[Global flags]
     intx CICompilerCount                          = 4                                         {product} {ergonomic}
     uint ConcGCThreads                            = 2                                         {product} {ergonomic}
     uint G1ConcRefinementThreads                  = 8                                         {product} {ergonomic}
   size_t G1HeapRegionSize                         = 2097152                                   {product} {ergonomic}
    uintx GCDrainStackTargetSize                   = 64                                        {product} {ergonomic}
   size_t InitialHeapSize                          = 266338304                                 {product} {ergonomic}
     bool ManagementServer                         = true                                      {product} {command line}
   size_t MarkStackSize                            = 4194304                                   {product} {ergonomic}
   size_t MaxHeapSize                              = 4229955584                                {product} {ergonomic}
   size_t MaxNewSize                               = 2537553920                                {product} {ergonomic}
   size_t MinHeapDeltaBytes                        = 2097152                                   {product} {ergonomic}
   size_t MinHeapSize                              = 8388608                                   {product} {ergonomic}
    uintx NonNMethodCodeHeapSize                   = 4096                                   {pd product} {ergonomic}
    uintx NonProfiledCodeHeapSize                  = 0                                      {pd product} {ergonomic}
     bool ProfileInterpreter                       = false                                  {pd product} {command line}
    uintx ProfiledCodeHeapSize                     = 0                                      {pd product} {ergonomic}
     bool ShowCodeDetailsInExceptionMessages       = true                                   {manageable} {command line}
   size_t SoftMaxHeapSize                          = 4229955584                             {manageable} {ergonomic}
     intx TieredStopAtLevel                        = 1                                         {product} {command line}
     bool UseCompressedOops                        = true                           {product lp64_product} {ergonomic}
     bool UseG1GC                                  = true                                      {product} {ergonomic}
     bool UseLargePagesIndividualAllocation        = false                                  {pd product} {ergonomic}

Logging:
Log output configuration:
 #0: stdout all=warning uptime,level,tags foldmultilines=false
 #1: stderr all=off uptime,level,tags foldmultilines=false

Environment Variables:
PATH=G:/STS/sts-4.30.0.RELEASE//plugins/org.eclipse.justj.openjdk.hotspot.jre.full.win32.x86_64_21.0.6.v20250130-0529/jre/bin/server;G:/STS/sts-4.30.0.RELEASE//plugins/org.eclipse.justj.openjdk.hotspot.jre.full.win32.x86_64_21.0.6.v20250130-0529/jre/bin;C:\app\PC\product\21c\dbhomeXE\bin;G:\sql_oracle_developer\WINDOWS.X64_213000_db_home\bin;C:\Program Files\Common Files\Oracle\Java\javapath;C:\Windows\system32;C:\Windows;C:\Windows\System32\Wbem;C:\Windows\System32\WindowsPowerShell\v1.0\;C:\Windows\System32\OpenSSH\;C:\Program Files\Java\jdk-21\bin;C:\Program Files\MySQL\MySQL Shell 8.0\bin\;C:\Users\PC\AppData\Local\Microsoft\WindowsApps;C:\Users\PC\AppData\Local\Programs\Microsoft VS Code\bin;G:\STS\sts-4.30.0.RELEASE;
USERNAME=PC
OS=Windows_NT
PROCESSOR_IDENTIFIER=Intel64 Family 6 Model 142 Stepping 12, GenuineIntel
TMP=C:\Users\PC\AppData\Local\Temp
TEMP=C:\Users\PC\AppData\Local\Temp




Periodic native trim disabled

---------------  S Y S T E M  ---------------

OS:
 Windows 10 , 64 bit Build 19041 (10.0.19041.5915)
OS uptime: 6 days 3:35 hours

CPU: total 8 (initial active 8) (4 cores per cpu, 2 threads per core) family 6 model 142 stepping 12 microcode 0xfa, cx8, cmov, fxsr, ht, mmx, 3dnowpref, sse, sse2, sse3, ssse3, sse4.1, sse4.2, popcnt, lzcnt, tsc, tscinvbit, avx, avx2, aes, erms, clmul, bmi1, bmi2, adx, fma, vzeroupper, clflush, clflushopt, rdtscp, f16c
Processor Information for the first 8 processors :
  Max Mhz: 1896, Current Mhz: 798, Mhz Limit: 796

Memory: 4k page, system-wide physical 16133M (5753M free)
TotalPageFile size 18565M (AvailPageFile size 3491M)
current process WorkingSet (physical memory assigned to process): 268M, peak: 271M
current process commit charge ("private bytes"): 303M, peak: 375M

vm_info: OpenJDK 64-Bit Server VM (21.0.6+7-LTS) for windows-amd64 JRE (21.0.6+7-LTS), built on 2025-01-21T00:00:00Z by "admin" with MS VC++ 17.7 (VS2022)

END.
